[+] Containers:
 |- [+] Container: /Game/ThirdPerson/Maps/Solo_Map
 |   |- [+] ActorDescs:
 |   |   |- Guid:0032076FF1BD3C5AABAF74D4D4F774E1 NativeClass:/Script/Engine.ExponentialHeightFog Name:ExponentialHeightFog_0 Label:ExponentialHeightFog SpatiallyLoaded:false EditorBounds:IsValid=true, Min=(X=-5728.000 Y=-178.000 Z=-6978.000), Max=(X=-5472.000 Y=78.000 Z=-6722.000) RuntimeBounds:IsValid=true, Min=(X=-5600.000 Y=-50.000 Z=-6850.000), Max=(X=-5600.000 Y=-50.000 Z=-6850.000) RuntimeGrid:None EditorOnly:false RuntimeOnly:false HLODRelevant:false ListedInSceneOutliner:true IsMainWorldOnly:false FolderPath:Lighting FolderGuid:963EC3EB4002CCE9759E2EBA541A873A
 |   |   |- Guid:1810BC579A053CEFA0F7B6E12354BE8E NativeClass:/Script/Engine.TextRenderActor Name:TextRenderActor_1 Label:TextRenderActor SpatiallyLoaded:true EditorBounds:IsValid=true, Min=(X=-128.100 Y=972.000 Z=12.013), Max=(X=127.900 Y=2392.308 Z=268.013) RuntimeBounds:IsValid=true, Min=(X=-0.100 Y=1100.000 Z=65.013), Max=(X=-0.100 Y=2392.308 Z=215.013) RuntimeGrid:None EditorOnly:false RuntimeOnly:false HLODRelevant:false ListedInSceneOutliner:true IsMainWorldOnly:false
 |   |   |- Guid:1F277A83BF243A4E913C18341835A0E7 NativeClass:/Script/NavigationSystem.RecastNavMesh Name:RecastNavMesh_UAID_E89C25105DCA543E02-Default Label:RecastNavMesh-Default SpatiallyLoaded:false EditorBounds:IsValid=true, Min=(X=0.000 Y=0.000 Z=0.000), Max=(X=0.000 Y=0.000 Z=0.000) RuntimeBounds:IsValid=true, Min=(X=0.000 Y=0.000 Z=0.000), Max=(X=0.000 Y=0.000 Z=0.000) RuntimeGrid:None EditorOnly:false RuntimeOnly:false HLODRelevant:false ListedInSceneOutliner:true IsMainWorldOnly:false
 |   |   |- Guid:21E867D1C4E139DFA84A65FB9E890951 NativeClass:/Script/Engine.StaticMeshActor Name:StaticMeshActor_6 Label:SM_Cube3 SpatiallyLoaded:true EditorBounds:IsValid=true, Min=(X=0.000 Y=3400.000 Z=0.000), Max=(X=3000.000 Y=3500.000 Z=400.000) RuntimeBounds:IsValid=true, Min=(X=0.000 Y=3400.000 Z=0.000), Max=(X=3000.000 Y=3500.000 Z=400.000) RuntimeGrid:None EditorOnly:false RuntimeOnly:false HLODRelevant:true ListedInSceneOutliner:true IsMainWorldOnly:false FolderPath:Playground FolderGuid:C73F09FC4215536B1DCE2A9E0A830C70
 |   |   |- Guid:2C1E77AC09313A76B8C3F0CF27BE270D NativeClass:/Script/Engine.StaticMeshActor Name:StaticMeshActor_1 Label:SM_Cube SpatiallyLoaded:true EditorBounds:IsValid=true, Min=(X=0.000 Y=0.000 Z=-50.000), Max=(X=3000.000 Y=3500.000 Z=0.000) RuntimeBounds:IsValid=true, Min=(X=0.000 Y=0.000 Z=-50.000), Max=(X=3000.000 Y=3500.000 Z=0.000) RuntimeGrid:None EditorOnly:false RuntimeOnly:false HLODRelevant:true ListedInSceneOutliner:true IsMainWorldOnly:false FolderPath:Playground FolderGuid:C73F09FC4215536B1DCE2A9E0A830C70
 |   |   |- Guid:5F1FAE66A9D7300B99914BB3D83AEE53 NativeClass:/Script/Engine.WorldDataLayers Name:WorldDataLayers Label:WorldDataLayers SpatiallyLoaded:false EditorBounds:IsValid=false, Min=(X=0.000 Y=0.000 Z=0.000), Max=(X=0.000 Y=0.000 Z=0.000) RuntimeBounds:IsValid=false, Min=(X=0.000 Y=0.000 Z=0.000), Max=(X=0.000 Y=0.000 Z=0.000) RuntimeGrid:None EditorOnly:false RuntimeOnly:false HLODRelevant:false ListedInSceneOutliner:true IsMainWorldOnly:true
 |   |   |- Guid:6B3AD8B29B99378CBAF9AAB90CA0B922 NativeClass:/Script/Engine.StaticMeshActor Name:StaticMeshActor_UAID_A4AE111137DC5EFB00_1110535423 Label:SM_SkySphere SpatiallyLoaded:false EditorBounds:IsValid=true, Min=(X=-1638400.000 Y=-1638400.000 Z=-1638400.000), Max=(X=1638400.000 Y=1638400.000 Z=1638400.000) RuntimeBounds:IsValid=true, Min=(X=-1638400.000 Y=-1638400.000 Z=-1638400.000), Max=(X=1638400.000 Y=1638400.000 Z=1638400.000) RuntimeGrid:None EditorOnly:false RuntimeOnly:false HLODRelevant:false ListedInSceneOutliner:true IsMainWorldOnly:false FolderPath:Lighting FolderGuid:963EC3EB4002CCE9759E2EBA541A873A
 |   |   |- Guid:707288BA301037089BAF64CD5DC3572E NativeClass:/Script/Engine.SkyLight Name:SkyLight_1 Label:SkyLight SpatiallyLoaded:false EditorBounds:IsValid=true, Min=(X=-1.000 Y=-1.000 Z=-1.000), Max=(X=1.000 Y=1.000 Z=690.000) RuntimeBounds:IsValid=true, Min=(X=0.000 Y=0.000 Z=690.000), Max=(X=0.000 Y=0.000 Z=690.000) RuntimeGrid:None EditorOnly:false RuntimeOnly:false HLODRelevant:false ListedInSceneOutliner:true IsMainWorldOnly:false FolderPath:Lighting FolderGuid:963EC3EB4002CCE9759E2EBA541A873A
 |   |   |- Guid:91100190F97A3A729F1D421959F78D78 NativeClass:/Script/Engine.StaticMeshActor Name:StaticMeshActor_5 Label:SM_Cube2 SpatiallyLoaded:true EditorBounds:IsValid=true, Min=(X=0.000 Y=0.000 Z=0.000), Max=(X=3000.000 Y=100.000 Z=400.000) RuntimeBounds:IsValid=true, Min=(X=0.000 Y=0.000 Z=0.000), Max=(X=3000.000 Y=100.000 Z=400.000) RuntimeGrid:None EditorOnly:false RuntimeOnly:false HLODRelevant:true ListedInSceneOutliner:true IsMainWorldOnly:false FolderPath:Playground FolderGuid:C73F09FC4215536B1DCE2A9E0A830C70
 |   |   |- Guid:9A6BB494B507361B9B8C28F193F226BF NativeClass:/Script/Engine.SkyAtmosphere Name:SkyAtmosphere_0 Label:SkyAtmosphere SpatiallyLoaded:false EditorBounds:IsValid=true, Min=(X=-128.000 Y=-128.000 Z=892.000), Max=(X=240.000 Y=128.000 Z=1148.000) RuntimeBounds:IsValid=true, Min=(X=0.000 Y=0.000 Z=1020.000), Max=(X=0.000 Y=0.000 Z=1020.000) RuntimeGrid:None EditorOnly:false RuntimeOnly:false HLODRelevant:false ListedInSceneOutliner:true IsMainWorldOnly:false FolderPath:Lighting FolderGuid:963EC3EB4002CCE9759E2EBA541A873A
 |   |   |- Guid:AE0DBB141C6F34BC87CC1E88F084D08D NativeClass:/Script/Engine.VolumetricCloud Name:VolumetricCloud_0 Label:VolumetricCloud SpatiallyLoaded:false EditorBounds:IsValid=true, Min=(X=-128.000 Y=-128.000 Z=692.000), Max=(X=128.000 Y=128.000 Z=948.000) RuntimeBounds:IsValid=true, Min=(X=0.000 Y=0.000 Z=820.000), Max=(X=0.000 Y=0.000 Z=820.000) RuntimeGrid:None EditorOnly:false RuntimeOnly:false HLODRelevant:false ListedInSceneOutliner:true IsMainWorldOnly:false FolderPath:Lighting FolderGuid:963EC3EB4002CCE9759E2EBA541A873A
 |   |   |- Guid:B3F65F1D49D33BCE24C9718190B20778 BaseClass:/Game/ThirdPerson/Blueprints/BP_EnemyCharacter_Child.BP_EnemyCharacter_Child_C NativeClass:/Script/Engine.Character Name:BP_EnemyCharacter_Child_C_UAID_E89C25105DCAAC3E02_1124105239 Label:BP_EnemyCharacter_Child SpatiallyLoaded:true EditorBounds:IsValid=true, Min=(X=590.000 Y=2100.000 Z=-911.508), Max=(X=2610.000 Y=4120.000 Z=1108.492) RuntimeBounds:IsValid=true, Min=(X=1565.000 Y=2605.697 Z=0.000), Max=(X=1635.187 Y=2745.000 Z=181.332) RuntimeGrid:None EditorOnly:false RuntimeOnly:false HLODRelevant:false ListedInSceneOutliner:true IsMainWorldOnly:false
 |   |   |- Guid:BB85CDA52A6631D1935C9D2F61F3323E NativeClass:/Script/Engine.StaticMeshActor Name:StaticMeshActor_0 Label:SM_Cube5 SpatiallyLoaded:true EditorBounds:IsValid=true, Min=(X=-0.000 Y=100.000 Z=0.000), Max=(X=100.000 Y=3400.000 Z=400.000) RuntimeBounds:IsValid=true, Min=(X=-0.000 Y=100.000 Z=0.000), Max=(X=100.000 Y=3400.000 Z=400.000) RuntimeGrid:None EditorOnly:false RuntimeOnly:false HLODRelevant:true ListedInSceneOutliner:true IsMainWorldOnly:false FolderPath:Playground FolderGuid:C73F09FC4215536B1DCE2A9E0A830C70
 |   |   |- Guid:C3F6D585383634CC9474DF1D0BD32EC1 NativeClass:/Script/Engine.PlayerStart Name:PlayerStart_0 Label:PlayerStart SpatiallyLoaded:false EditorBounds:IsValid=true, Min=(X=1473.454 Y=603.632 Z=-17.068), Max=(X=1729.454 Y=971.632 Z=238.932) RuntimeBounds:IsValid=true, Min=(X=1561.454 Y=691.632 Z=18.932), Max=(X=1641.454 Y=771.632 Z=202.932) RuntimeGrid:None EditorOnly:false RuntimeOnly:false HLODRelevant:false ListedInSceneOutliner:true IsMainWorldOnly:false
 |   |   |- Guid:EE9F391279AC3B2C94236115749E6472 NativeClass:/Script/Engine.PostProcessVolume Name:PostProcessVolume_0 Label:PostProcessVolume SpatiallyLoaded:false EditorBounds:IsValid=true, Min=(X=0.000 Y=0.000 Z=400.000), Max=(X=200.000 Y=200.000 Z=600.000) RuntimeBounds:IsValid=true, Min=(X=0.000 Y=0.000 Z=400.000), Max=(X=200.000 Y=200.000 Z=600.000) RuntimeGrid:None EditorOnly:false RuntimeOnly:false HLODRelevant:false ListedInSceneOutliner:true IsMainWorldOnly:false FolderPath:Lighting FolderGuid:963EC3EB4002CCE9759E2EBA541A873A
 |   |   |- Guid:F416802D754E31A98A7ADC6E34645DC9 NativeClass:/Script/NavigationSystem.NavMeshBoundsVolume Name:NavMeshBoundsVolume_UAID_E89C25105DCA543E02_1807898752 Label:NavMeshBoundsVolume SpatiallyLoaded:false EditorBounds:IsValid=true, Min=(X=9.125 Y=-190.000 Z=-689.092), Max=(X=2890.875 Y=3510.000 Z=529.092) RuntimeBounds:IsValid=true, Min=(X=9.125 Y=-190.000 Z=-689.092), Max=(X=2890.875 Y=3510.000 Z=529.092) RuntimeGrid:None EditorOnly:false RuntimeOnly:false HLODRelevant:false ListedInSceneOutliner:true IsMainWorldOnly:false
 |   |   |- Guid:FAC6A140164C36BBB5D8C3680D51F8DE NativeClass:/Script/Engine.StaticMeshActor Name:StaticMeshActor_4 Label:SM_Cube6 SpatiallyLoaded:true EditorBounds:IsValid=true, Min=(X=2900.000 Y=100.000 Z=0.000), Max=(X=3000.000 Y=3400.000 Z=400.000) RuntimeBounds:IsValid=true, Min=(X=2900.000 Y=100.000 Z=0.000), Max=(X=3000.000 Y=3400.000 Z=400.000) RuntimeGrid:None EditorOnly:false RuntimeOnly:false HLODRelevant:true ListedInSceneOutliner:true IsMainWorldOnly:false FolderPath:Playground FolderGuid:C73F09FC4215536B1DCE2A9E0A830C70
 |   |   |- Guid:FEB17DF133E6374EB3DFCBE83C53BDFE NativeClass:/Script/Engine.DirectionalLight Name:DirectionalLight_0 Label:DirectionalLight SpatiallyLoaded:false EditorBounds:IsValid=false, Min=(X=0.000 Y=0.000 Z=0.000), Max=(X=0.000 Y=0.000 Z=0.000) RuntimeBounds:IsValid=false, Min=(X=0.000 Y=0.000 Z=0.000), Max=(X=0.000 Y=0.000 Z=0.000) RuntimeGrid:None EditorOnly:false RuntimeOnly:false HLODRelevant:false ListedInSceneOutliner:true IsMainWorldOnly:false FolderPath:Lighting FolderGuid:963EC3EB4002CCE9759E2EBA541A873A
 |   |- [+] Clusters:
 |   |   |- [+] [  0]
 |   |   |   |- Guid:0032076FF1BD3C5AABAF74D4D4F774E1 NativeClass:/Script/Engine.ExponentialHeightFog Name:ExponentialHeightFog_0 Label:ExponentialHeightFog SpatiallyLoaded:false EditorBounds:IsValid=true, Min=(X=-5728.000 Y=-178.000 Z=-6978.000), Max=(X=-5472.000 Y=78.000 Z=-6722.000) RuntimeBounds:IsValid=true, Min=(X=-5600.000 Y=-50.000 Z=-6850.000), Max=(X=-5600.000 Y=-50.000 Z=-6850.000) RuntimeGrid:None EditorOnly:false RuntimeOnly:false HLODRelevant:false ListedInSceneOutliner:true IsMainWorldOnly:false FolderPath:Lighting FolderGuid:963EC3EB4002CCE9759E2EBA541A873A
 |   |   |- [+] [  1]
 |   |   |   |- Guid:1810BC579A053CEFA0F7B6E12354BE8E NativeClass:/Script/Engine.TextRenderActor Name:TextRenderActor_1 Label:TextRenderActor SpatiallyLoaded:true EditorBounds:IsValid=true, Min=(X=-128.100 Y=972.000 Z=12.013), Max=(X=127.900 Y=2392.308 Z=268.013) RuntimeBounds:IsValid=true, Min=(X=-0.100 Y=1100.000 Z=65.013), Max=(X=-0.100 Y=2392.308 Z=215.013) RuntimeGrid:None EditorOnly:false RuntimeOnly:false HLODRelevant:false ListedInSceneOutliner:true IsMainWorldOnly:false
 |   |   |- [+] [  2]
 |   |   |   |- Guid:1F277A83BF243A4E913C18341835A0E7 NativeClass:/Script/NavigationSystem.RecastNavMesh Name:RecastNavMesh_UAID_E89C25105DCA543E02-Default Label:RecastNavMesh-Default SpatiallyLoaded:false EditorBounds:IsValid=true, Min=(X=0.000 Y=0.000 Z=0.000), Max=(X=0.000 Y=0.000 Z=0.000) RuntimeBounds:IsValid=true, Min=(X=0.000 Y=0.000 Z=0.000), Max=(X=0.000 Y=0.000 Z=0.000) RuntimeGrid:None EditorOnly:false RuntimeOnly:false HLODRelevant:false ListedInSceneOutliner:true IsMainWorldOnly:false
 |   |   |- [+] [  3]
 |   |   |   |- Guid:21E867D1C4E139DFA84A65FB9E890951 NativeClass:/Script/Engine.StaticMeshActor Name:StaticMeshActor_6 Label:SM_Cube3 SpatiallyLoaded:true EditorBounds:IsValid=true, Min=(X=0.000 Y=3400.000 Z=0.000), Max=(X=3000.000 Y=3500.000 Z=400.000) RuntimeBounds:IsValid=true, Min=(X=0.000 Y=3400.000 Z=0.000), Max=(X=3000.000 Y=3500.000 Z=400.000) RuntimeGrid:None EditorOnly:false RuntimeOnly:false HLODRelevant:true ListedInSceneOutliner:true IsMainWorldOnly:false FolderPath:Playground FolderGuid:C73F09FC4215536B1DCE2A9E0A830C70
 |   |   |- [+] [  4]
 |   |   |   |- Guid:2C1E77AC09313A76B8C3F0CF27BE270D NativeClass:/Script/Engine.StaticMeshActor Name:StaticMeshActor_1 Label:SM_Cube SpatiallyLoaded:true EditorBounds:IsValid=true, Min=(X=0.000 Y=0.000 Z=-50.000), Max=(X=3000.000 Y=3500.000 Z=0.000) RuntimeBounds:IsValid=true, Min=(X=0.000 Y=0.000 Z=-50.000), Max=(X=3000.000 Y=3500.000 Z=0.000) RuntimeGrid:None EditorOnly:false RuntimeOnly:false HLODRelevant:true ListedInSceneOutliner:true IsMainWorldOnly:false FolderPath:Playground FolderGuid:C73F09FC4215536B1DCE2A9E0A830C70
 |   |   |- [+] [  5]
 |   |   |   |- Guid:5F1FAE66A9D7300B99914BB3D83AEE53 NativeClass:/Script/Engine.WorldDataLayers Name:WorldDataLayers Label:WorldDataLayers SpatiallyLoaded:false EditorBounds:IsValid=false, Min=(X=0.000 Y=0.000 Z=0.000), Max=(X=0.000 Y=0.000 Z=0.000) RuntimeBounds:IsValid=false, Min=(X=0.000 Y=0.000 Z=0.000), Max=(X=0.000 Y=0.000 Z=0.000) RuntimeGrid:None EditorOnly:false RuntimeOnly:false HLODRelevant:false ListedInSceneOutliner:true IsMainWorldOnly:true
 |   |   |- [+] [  6]
 |   |   |   |- Guid:6B3AD8B29B99378CBAF9AAB90CA0B922 NativeClass:/Script/Engine.StaticMeshActor Name:StaticMeshActor_UAID_A4AE111137DC5EFB00_1110535423 Label:SM_SkySphere SpatiallyLoaded:false EditorBounds:IsValid=true, Min=(X=-1638400.000 Y=-1638400.000 Z=-1638400.000), Max=(X=1638400.000 Y=1638400.000 Z=1638400.000) RuntimeBounds:IsValid=true, Min=(X=-1638400.000 Y=-1638400.000 Z=-1638400.000), Max=(X=1638400.000 Y=1638400.000 Z=1638400.000) RuntimeGrid:None EditorOnly:false RuntimeOnly:false HLODRelevant:false ListedInSceneOutliner:true IsMainWorldOnly:false FolderPath:Lighting FolderGuid:963EC3EB4002CCE9759E2EBA541A873A
 |   |   |- [+] [  7]
 |   |   |   |- Guid:707288BA301037089BAF64CD5DC3572E NativeClass:/Script/Engine.SkyLight Name:SkyLight_1 Label:SkyLight SpatiallyLoaded:false EditorBounds:IsValid=true, Min=(X=-1.000 Y=-1.000 Z=-1.000), Max=(X=1.000 Y=1.000 Z=690.000) RuntimeBounds:IsValid=true, Min=(X=0.000 Y=0.000 Z=690.000), Max=(X=0.000 Y=0.000 Z=690.000) RuntimeGrid:None EditorOnly:false RuntimeOnly:false HLODRelevant:false ListedInSceneOutliner:true IsMainWorldOnly:false FolderPath:Lighting FolderGuid:963EC3EB4002CCE9759E2EBA541A873A
 |   |   |- [+] [  8]
 |   |   |   |- Guid:91100190F97A3A729F1D421959F78D78 NativeClass:/Script/Engine.StaticMeshActor Name:StaticMeshActor_5 Label:SM_Cube2 SpatiallyLoaded:true EditorBounds:IsValid=true, Min=(X=0.000 Y=0.000 Z=0.000), Max=(X=3000.000 Y=100.000 Z=400.000) RuntimeBounds:IsValid=true, Min=(X=0.000 Y=0.000 Z=0.000), Max=(X=3000.000 Y=100.000 Z=400.000) RuntimeGrid:None EditorOnly:false RuntimeOnly:false HLODRelevant:true ListedInSceneOutliner:true IsMainWorldOnly:false FolderPath:Playground FolderGuid:C73F09FC4215536B1DCE2A9E0A830C70
 |   |   |- [+] [  9]
 |   |   |   |- Guid:9A6BB494B507361B9B8C28F193F226BF NativeClass:/Script/Engine.SkyAtmosphere Name:SkyAtmosphere_0 Label:SkyAtmosphere SpatiallyLoaded:false EditorBounds:IsValid=true, Min=(X=-128.000 Y=-128.000 Z=892.000), Max=(X=240.000 Y=128.000 Z=1148.000) RuntimeBounds:IsValid=true, Min=(X=0.000 Y=0.000 Z=1020.000), Max=(X=0.000 Y=0.000 Z=1020.000) RuntimeGrid:None EditorOnly:false RuntimeOnly:false HLODRelevant:false ListedInSceneOutliner:true IsMainWorldOnly:false FolderPath:Lighting FolderGuid:963EC3EB4002CCE9759E2EBA541A873A
 |   |   |- [+] [ 10]
 |   |   |   |- Guid:AE0DBB141C6F34BC87CC1E88F084D08D NativeClass:/Script/Engine.VolumetricCloud Name:VolumetricCloud_0 Label:VolumetricCloud SpatiallyLoaded:false EditorBounds:IsValid=true, Min=(X=-128.000 Y=-128.000 Z=692.000), Max=(X=128.000 Y=128.000 Z=948.000) RuntimeBounds:IsValid=true, Min=(X=0.000 Y=0.000 Z=820.000), Max=(X=0.000 Y=0.000 Z=820.000) RuntimeGrid:None EditorOnly:false RuntimeOnly:false HLODRelevant:false ListedInSceneOutliner:true IsMainWorldOnly:false FolderPath:Lighting FolderGuid:963EC3EB4002CCE9759E2EBA541A873A
 |   |   |- [+] [ 11]
 |   |   |   |- Guid:B3F65F1D49D33BCE24C9718190B20778 BaseClass:/Game/ThirdPerson/Blueprints/BP_EnemyCharacter_Child.BP_EnemyCharacter_Child_C NativeClass:/Script/Engine.Character Name:BP_EnemyCharacter_Child_C_UAID_E89C25105DCAAC3E02_1124105239 Label:BP_EnemyCharacter_Child SpatiallyLoaded:true EditorBounds:IsValid=true, Min=(X=590.000 Y=2100.000 Z=-911.508), Max=(X=2610.000 Y=4120.000 Z=1108.492) RuntimeBounds:IsValid=true, Min=(X=1565.000 Y=2605.697 Z=0.000), Max=(X=1635.187 Y=2745.000 Z=181.332) RuntimeGrid:None EditorOnly:false RuntimeOnly:false HLODRelevant:false ListedInSceneOutliner:true IsMainWorldOnly:false
 |   |   |- [+] [ 12]
 |   |   |   |- Guid:BB85CDA52A6631D1935C9D2F61F3323E NativeClass:/Script/Engine.StaticMeshActor Name:StaticMeshActor_0 Label:SM_Cube5 SpatiallyLoaded:true EditorBounds:IsValid=true, Min=(X=-0.000 Y=100.000 Z=0.000), Max=(X=100.000 Y=3400.000 Z=400.000) RuntimeBounds:IsValid=true, Min=(X=-0.000 Y=100.000 Z=0.000), Max=(X=100.000 Y=3400.000 Z=400.000) RuntimeGrid:None EditorOnly:false RuntimeOnly:false HLODRelevant:true ListedInSceneOutliner:true IsMainWorldOnly:false FolderPath:Playground FolderGuid:C73F09FC4215536B1DCE2A9E0A830C70
 |   |   |- [+] [ 13]
 |   |   |   |- Guid:C3F6D585383634CC9474DF1D0BD32EC1 NativeClass:/Script/Engine.PlayerStart Name:PlayerStart_0 Label:PlayerStart SpatiallyLoaded:false EditorBounds:IsValid=true, Min=(X=1473.454 Y=603.632 Z=-17.068), Max=(X=1729.454 Y=971.632 Z=238.932) RuntimeBounds:IsValid=true, Min=(X=1561.454 Y=691.632 Z=18.932), Max=(X=1641.454 Y=771.632 Z=202.932) RuntimeGrid:None EditorOnly:false RuntimeOnly:false HLODRelevant:false ListedInSceneOutliner:true IsMainWorldOnly:false
 |   |   |- [+] [ 14]
 |   |   |   |- Guid:EE9F391279AC3B2C94236115749E6472 NativeClass:/Script/Engine.PostProcessVolume Name:PostProcessVolume_0 Label:PostProcessVolume SpatiallyLoaded:false EditorBounds:IsValid=true, Min=(X=0.000 Y=0.000 Z=400.000), Max=(X=200.000 Y=200.000 Z=600.000) RuntimeBounds:IsValid=true, Min=(X=0.000 Y=0.000 Z=400.000), Max=(X=200.000 Y=200.000 Z=600.000) RuntimeGrid:None EditorOnly:false RuntimeOnly:false HLODRelevant:false ListedInSceneOutliner:true IsMainWorldOnly:false FolderPath:Lighting FolderGuid:963EC3EB4002CCE9759E2EBA541A873A
 |   |   |- [+] [ 15]
 |   |   |   |- Guid:F416802D754E31A98A7ADC6E34645DC9 NativeClass:/Script/NavigationSystem.NavMeshBoundsVolume Name:NavMeshBoundsVolume_UAID_E89C25105DCA543E02_1807898752 Label:NavMeshBoundsVolume SpatiallyLoaded:false EditorBounds:IsValid=true, Min=(X=9.125 Y=-190.000 Z=-689.092), Max=(X=2890.875 Y=3510.000 Z=529.092) RuntimeBounds:IsValid=true, Min=(X=9.125 Y=-190.000 Z=-689.092), Max=(X=2890.875 Y=3510.000 Z=529.092) RuntimeGrid:None EditorOnly:false RuntimeOnly:false HLODRelevant:false ListedInSceneOutliner:true IsMainWorldOnly:false
 |   |   |- [+] [ 16]
 |   |   |   |- Guid:FAC6A140164C36BBB5D8C3680D51F8DE NativeClass:/Script/Engine.StaticMeshActor Name:StaticMeshActor_4 Label:SM_Cube6 SpatiallyLoaded:true EditorBounds:IsValid=true, Min=(X=2900.000 Y=100.000 Z=0.000), Max=(X=3000.000 Y=3400.000 Z=400.000) RuntimeBounds:IsValid=true, Min=(X=2900.000 Y=100.000 Z=0.000), Max=(X=3000.000 Y=3400.000 Z=400.000) RuntimeGrid:None EditorOnly:false RuntimeOnly:false HLODRelevant:true ListedInSceneOutliner:true IsMainWorldOnly:false FolderPath:Playground FolderGuid:C73F09FC4215536B1DCE2A9E0A830C70
 |   |   |- [+] [ 17]
 |   |   |   |- Guid:FEB17DF133E6374EB3DFCBE83C53BDFE NativeClass:/Script/Engine.DirectionalLight Name:DirectionalLight_0 Label:DirectionalLight SpatiallyLoaded:false EditorBounds:IsValid=false, Min=(X=0.000 Y=0.000 Z=0.000), Max=(X=0.000 Y=0.000 Z=0.000) RuntimeBounds:IsValid=false, Min=(X=0.000 Y=0.000 Z=0.000), Max=(X=0.000 Y=0.000 Z=0.000) RuntimeGrid:None EditorOnly:false RuntimeOnly:false HLODRelevant:false ListedInSceneOutliner:true IsMainWorldOnly:false FolderPath:Lighting FolderGuid:963EC3EB4002CCE9759E2EBA541A873A
 |- ContainerInstances:
 |- [+] MainContainer:
 |   |-        ID: 00000000000000000000000000000000
 |   |-  ParentID: 00000000000000000000000000000000
 |   |-    Bounds: IsValid=false, Min=(X=0.000 Y=0.000 Z=0.000), Max=(X=0.000 Y=0.000 Z=0.000)
 |   |- Transform: 0.000000,0.000000,0.000000|0.000000,0.000000,-0.000000|1.000000,1.000000,1.000000
 |   |- Container: /Game/ThirdPerson/Maps/Solo_Map
----------------------------------------------------------------------------------------------------------------
Solo_Map - Persistent Level
----------------------------------------------------------------------------------------------------------------
[+] Content of Solo_Map Persistent Level
 |- Always loaded Actor Count: 18 
 |- Actor Path: /Game/ThirdPerson/Maps/UEDPIE_1_Solo_Map.Solo_Map:PersistentLevel.BP_EnemyCharacter_Child_C_UAID_E89C25105DCAAC3E02_1124105239
 |- Actor Package: /Game/ThirdPerson/Maps/UEDPIE_1_Solo_Map_InstanceOf_/Game/__ExternalActors__/ThirdPerson/Maps/Solo_Map/8/RN/PKU5BLAI6JCS31EMWFGOHS
 |- Actor Path: /Game/ThirdPerson/Maps/UEDPIE_1_Solo_Map.Solo_Map:PersistentLevel.DirectionalLight_0
 |- Actor Package: /Game/ThirdPerson/Maps/UEDPIE_1_Solo_Map_InstanceOf_/Game/__ExternalActors__/ThirdPerson/Maps/Solo_Map/0/A6/L15N58XC4P1YIJU51BADS8
 |- Actor Path: /Game/ThirdPerson/Maps/UEDPIE_1_Solo_Map.Solo_Map:PersistentLevel.ExponentialHeightFog_0
 |- Actor Package: /Game/ThirdPerson/Maps/UEDPIE_1_Solo_Map_InstanceOf_/Game/__ExternalActors__/ThirdPerson/Maps/Solo_Map/5/EI/XSS49UBT8FCQCHVB0GUJAY
 |- Actor Path: /Game/ThirdPerson/Maps/UEDPIE_1_Solo_Map.Solo_Map:PersistentLevel.NavMeshBoundsVolume_UAID_E89C25105DCA543E02_1807898752
 |- Actor Package: /Game/ThirdPerson/Maps/UEDPIE_1_Solo_Map_InstanceOf_/Game/__ExternalActors__/ThirdPerson/Maps/Solo_Map/5/Y2/H7XBRKCJ9I3L0TSHCG8BAW
 |- Actor Path: /Game/ThirdPerson/Maps/UEDPIE_1_Solo_Map.Solo_Map:PersistentLevel.PlayerStart_0
 |- Actor Package: /Game/ThirdPerson/Maps/UEDPIE_1_Solo_Map_InstanceOf_/Game/__ExternalActors__/ThirdPerson/Maps/Solo_Map/6/V4/V6DQDQXNGZM6Y2KDX8JU2R
 |- Actor Path: /Game/ThirdPerson/Maps/UEDPIE_1_Solo_Map.Solo_Map:PersistentLevel.PostProcessVolume_0
 |- Actor Package: /Game/ThirdPerson/Maps/UEDPIE_1_Solo_Map_InstanceOf_/Game/__ExternalActors__/ThirdPerson/Maps/Solo_Map/E/3E/PPY5MNDXI7BYULDHQHNAUE
 |- Actor Path: /Game/ThirdPerson/Maps/UEDPIE_1_Solo_Map.Solo_Map:PersistentLevel.RecastNavMesh_UAID_E89C25105DCA543E02-Default
 |- Actor Package: /Game/ThirdPerson/Maps/UEDPIE_1_Solo_Map_InstanceOf_/Game/__ExternalActors__/ThirdPerson/Maps/Solo_Map/3/9A/7OUA6B6YCOQ789MAR78WT6
 |- Actor Path: /Game/ThirdPerson/Maps/UEDPIE_1_Solo_Map.Solo_Map:PersistentLevel.SkyAtmosphere_0
 |- Actor Package: /Game/ThirdPerson/Maps/UEDPIE_1_Solo_Map_InstanceOf_/Game/__ExternalActors__/ThirdPerson/Maps/Solo_Map/6/B1/QN3JFAB5QUQGH86PFPR2X6
 |- Actor Path: /Game/ThirdPerson/Maps/UEDPIE_1_Solo_Map.Solo_Map:PersistentLevel.SkyLight_1
 |- Actor Package: /Game/ThirdPerson/Maps/UEDPIE_1_Solo_Map_InstanceOf_/Game/__ExternalActors__/ThirdPerson/Maps/Solo_Map/0/JD/OM09C2S3RPZE379BA84K3E
 |- Actor Path: /Game/ThirdPerson/Maps/UEDPIE_1_Solo_Map.Solo_Map:PersistentLevel.StaticMeshActor_0
 |- Actor Package: /Game/ThirdPerson/Maps/UEDPIE_1_Solo_Map_InstanceOf_/Game/__ExternalActors__/ThirdPerson/Maps/Solo_Map/A/DZ/UZ9QYXNTGOCFCA6BWF9B85
 |- Actor Path: /Game/ThirdPerson/Maps/UEDPIE_1_Solo_Map.Solo_Map:PersistentLevel.StaticMeshActor_1
 |- Actor Package: /Game/ThirdPerson/Maps/UEDPIE_1_Solo_Map_InstanceOf_/Game/__ExternalActors__/ThirdPerson/Maps/Solo_Map/1/6J/PDQPDNRXSF0YOLIQHYH5BZ
 |- Actor Path: /Game/ThirdPerson/Maps/UEDPIE_1_Solo_Map.Solo_Map:PersistentLevel.StaticMeshActor_4
 |- Actor Package: /Game/ThirdPerson/Maps/UEDPIE_1_Solo_Map_InstanceOf_/Game/__ExternalActors__/ThirdPerson/Maps/Solo_Map/1/5X/QG9EBO8PRQ7O1D4QJBAEIW
 |- Actor Path: /Game/ThirdPerson/Maps/UEDPIE_1_Solo_Map.Solo_Map:PersistentLevel.StaticMeshActor_5
 |- Actor Package: /Game/ThirdPerson/Maps/UEDPIE_1_Solo_Map_InstanceOf_/Game/__ExternalActors__/ThirdPerson/Maps/Solo_Map/1/7F/JNRT6BUAULLTW17RL7F0BA
 |- Actor Path: /Game/ThirdPerson/Maps/UEDPIE_1_Solo_Map.Solo_Map:PersistentLevel.StaticMeshActor_6
 |- Actor Package: /Game/ThirdPerson/Maps/UEDPIE_1_Solo_Map_InstanceOf_/Game/__ExternalActors__/ThirdPerson/Maps/Solo_Map/4/BI/QNGO8W6G6DARP3HV5X8QJI
 |- Actor Path: /Game/ThirdPerson/Maps/UEDPIE_1_Solo_Map.Solo_Map:PersistentLevel.StaticMeshActor_UAID_A4AE111137DC5EFB00_1110535423
 |- Actor Package: /Game/ThirdPerson/Maps/UEDPIE_1_Solo_Map_InstanceOf_/Game/__ExternalActors__/ThirdPerson/Maps/Solo_Map/0/I2/F3R30TFVZIZU9ZDSGIKTX9
 |- Actor Path: /Game/ThirdPerson/Maps/UEDPIE_1_Solo_Map.Solo_Map:PersistentLevel.TextRenderActor_1
 |- Actor Package: /Game/ThirdPerson/Maps/UEDPIE_1_Solo_Map_InstanceOf_/Game/__ExternalActors__/ThirdPerson/Maps/Solo_Map/B/Q5/V2B9FQJ7JLFDI2EQSJBOYH
 |- Actor Path: /Game/ThirdPerson/Maps/UEDPIE_1_Solo_Map.Solo_Map:PersistentLevel.VolumetricCloud_0
 |- Actor Package: /Game/ThirdPerson/Maps/UEDPIE_1_Solo_Map_InstanceOf_/Game/__ExternalActors__/ThirdPerson/Maps/Solo_Map/9/X8/LXCMO6SLNVZT7ZWSZWC8D9
 |- Actor Path: /Game/ThirdPerson/Maps/UEDPIE_1_Solo_Map.Solo_Map:PersistentLevel.WorldDataLayers
 |- Actor Package: /Game/__ExternalActors__/ThirdPerson/Maps/Solo_Map/7/OG/48C9A748HMAT20955ZYLPD

----------------------------------------------------------------------------------------------------------------
Solo_Map - Runtime Hash Set
----------------------------------------------------------------------------------------------------------------

